<?xml version="1.0" encoding="UTF-8" ?>
<testsuite tests="1" failures="1" name="com.tjut.test.TestUserMapperTest" time="0.001" errors="0" skipped="0">
  <properties>
[...]
</properties>
  <testcase classname="com.tjut.test.TestUserMapperTest" name="com.tjut.test.TestUserMapperTest.testCourseTest" time="0.001">
    <failure type="java.lang.NullPointerException">java.lang.NullPointerException
	at com.tjut.test.TestUserMapperTest.testCourseTest(TestUserMapperTest.java:28)
</failure>
  </testcase>
</testsuite>